0 info it worked if it ends with ok
1 verbose cli [ '/home/tarkett/.nvm/versions/node/v6.9.5/bin/node',
1 verbose cli   '/home/tarkett/.nvm/versions/node/v6.9.5/bin/npm',
1 verbose cli   'run',
1 verbose cli   'serve' ]
2 info using npm@3.10.10
3 info using node@v6.9.5
4 verbose run-script [ 'preserve', 'serve', 'postserve' ]
5 info lifecycle game-of-life@0.1.0~preserve: game-of-life@0.1.0
6 silly lifecycle game-of-life@0.1.0~preserve: no script for preserve, continuing
7 info lifecycle game-of-life@0.1.0~serve: game-of-life@0.1.0
8 verbose lifecycle game-of-life@0.1.0~serve: unsafe-perm in lifecycle true
9 verbose lifecycle game-of-life@0.1.0~serve: PATH: /home/tarkett/.nvm/versions/node/v6.9.5/lib/node_modules/npm/bin/node-gyp-bin:/home/tarkett/game-of-life/node_modules/.bin:/home/tarkett/.nvm/versions/node/v6.9.5/bin:/home/tarkett/bin:/usr/local/sbin:/usr/local/bin:/usr/sbin:/usr/bin:/sbin:/bin:/usr/games:/usr/local/games:/snap/bin:/usr/local/go/bin:/home/tarkett/.composer/vendor/bin
10 verbose lifecycle game-of-life@0.1.0~serve: CWD: /home/tarkett/game-of-life
11 silly lifecycle game-of-life@0.1.0~serve: Args: [ '-c', 'vue-cli-service serve' ]
12 silly lifecycle game-of-life@0.1.0~serve: Returned: code: 1  signal: null
13 info lifecycle game-of-life@0.1.0~serve: Failed to exec serve script
14 verbose stack Error: game-of-life@0.1.0 serve: `vue-cli-service serve`
14 verbose stack Exit status 1
14 verbose stack     at EventEmitter.<anonymous> (/home/tarkett/.nvm/versions/node/v6.9.5/lib/node_modules/npm/lib/utils/lifecycle.js:255:16)
14 verbose stack     at emitTwo (events.js:106:13)
14 verbose stack     at EventEmitter.emit (events.js:191:7)
14 verbose stack     at ChildProcess.<anonymous> (/home/tarkett/.nvm/versions/node/v6.9.5/lib/node_modules/npm/lib/utils/spawn.js:40:14)
14 verbose stack     at emitTwo (events.js:106:13)
14 verbose stack     at ChildProcess.emit (events.js:191:7)
14 verbose stack     at maybeClose (internal/child_process.js:877:16)
14 verbose stack     at Process.ChildProcess._handle.onexit (internal/child_process.js:226:5)
15 verbose pkgid game-of-life@0.1.0
16 verbose cwd /home/tarkett/game-of-life
17 error Linux 4.4.0-97-generic
18 error argv "/home/tarkett/.nvm/versions/node/v6.9.5/bin/node" "/home/tarkett/.nvm/versions/node/v6.9.5/bin/npm" "run" "serve"
19 error node v6.9.5
20 error npm  v3.10.10
21 error code ELIFECYCLE
22 error game-of-life@0.1.0 serve: `vue-cli-service serve`
22 error Exit status 1
23 error Failed at the game-of-life@0.1.0 serve script 'vue-cli-service serve'.
23 error Make sure you have the latest version of node.js and npm installed.
23 error If you do, this is most likely a problem with the game-of-life package,
23 error not with npm itself.
23 error Tell the author that this fails on your system:
23 error     vue-cli-service serve
23 error You can get information on how to open an issue for this project with:
23 error     npm bugs game-of-life
23 error Or if that isn't available, you can get their info via:
23 error     npm owner ls game-of-life
23 error There is likely additional logging output above.
24 verbose exit [ 1, true ]
